-1.297934548566889390e+00
-1.092690215139594967e+00
-8.760488212859151025e-01
1.257128267111684572e-01
-9.457611163175051461e-01
2.110488761115615119e+00
-2.114292946072251489e+00
-2.264681597583656281e+00
2.237629902953501837e-01
-3.592748103690480477e+00
-1.758119543418715347e+00
-7.977915810041166234e-01
-1.277388914068447345e+00
-2.115071513704758210e+00
-1.773558613049878385e+00
-2.483612784218890646e+00
-1.452694438930797194e+00
-1.977051730760819970e+00
3.324518583245866132e+00
-6.734304027804213222e-01
2.479551599166641473e+00
-2.197594479937151846e+00
-2.898170317439899613e+00
-1.201064790136562976e+00
-3.854976476702714372e+00
1.678631361138573697e+00
-1.330592885484110255e+00
-1.341778228939980888e+00
9.995868177544664501e-01
-1.736722889124623359e-01
-1.012226922475839563e+00
-1.369525772627228744e+00
-1.299182762134924118e+00
-2.491931339368198550e+00
-6.137108403508975130e-01
-6.730221358111411201e-01
-7.262367037913459722e-01
-4.256610396850870615e-01
-7.992117023210424387e-01
-4.091390759931572974e-01
-1.001635028046609088e+00
5.380604676185459567e+00
-8.110527797913863468e-01
-2.073349342029055187e+00
-4.804344413988690832e+00
-1.755966684603097505e+01
-1.480209967131571602e-01
-1.622003934377552969e+00
-9.811485935564966399e-01
1.019839423069590856e+00
