-8.485170177457277418e-01
-1.073790579651370702e+00
-7.356894986767443800e-01
8.828388121346371076e-01
-8.190849890062275040e-01
-1.090921181384672423e+00
-8.471111446085475283e-01
-8.488565581829439211e-01
-3.826854261714708327e-01
-1.094145244042050713e+00
-7.303199202888309705e-01
-7.470640977284120909e-01
-7.797324672594709849e-01
-2.657240593829243713e-01
-8.441930967909205830e-01
-7.570776423306025960e-01
-8.708226220873591661e-01
-9.006254162927609386e-01
-4.621556272629995243e-01
-7.556918202544179453e-01
-7.245213437768004416e-01
-9.852135813954091548e-01
-8.606436751433879095e-01
-9.197990218870000234e-02
-9.603659328083863356e-01
-7.760248581693011127e-01
-8.607304067254879509e-01
-7.960884464902967528e-01
9.152687784335109544e-01
-8.027272151476333439e-01
-8.409900983905178595e-01
-8.478810641342096055e-01
-8.211378653217342727e-01
-9.078540537285764156e-01
-4.821628175942175298e-01
-8.519496751595840855e-01
-7.428836327239558557e-01
-8.391713389684872793e-01
-8.381450525356807235e-01
-6.550253710526244832e-01
-9.131465998614032298e-01
-5.689401744119763071e-01
-5.968448244846632500e-01
-8.596152558427716528e-01
-1.122207538980378949e+00
-9.051173258127875876e-01
-3.116271077050052352e-01
-1.150789155070498282e+00
1.178365134442249662e-02
6.709288604767129627e-01
