-1.035164859120246916e+00
-8.387802841660852993e-01
-5.315420853291278336e-01
-4.008799980247916284e-01
-9.926156281093367895e-01
-9.633771630278764597e-02
-1.074534207045643619e+00
-1.016766647526881950e+00
-5.382088225500057943e-01
-1.051505763287361228e+00
-6.766458231991958616e-01
-8.930360526082006256e-01
-8.825390775790404874e-01
-4.796185607699637865e-01
-7.252946458292748311e-01
-6.697527352514047738e-01
-7.921968837476608405e-01
-5.974742390738112530e-01
-3.361550279265645980e-02
-3.907152593079671332e-01
-6.788660499560158490e-01
-9.182779436115174887e-01
-9.853089229426882367e-01
-9.385499338777293366e-01
-1.132770981687695411e+00
-9.088312291374158747e-01
-8.411756734484805431e-01
-9.154890234936421400e-01
9.133113085093174099e-01
-1.370164323387630390e-01
-8.668183309966296379e-01
-8.820109599012090351e-01
-8.146322458095782704e-01
-8.961621047451332478e-01
-5.644922360172295317e-01
-8.729723897512478015e-01
-1.094716453971212644e+00
-5.119211751267860322e-01
-6.904384951317965591e-01
-4.805840144433677907e-01
-8.414503602547118710e-01
5.293225463063611080e-02
-4.618999514558401742e-01
-7.173603907015534409e-01
-8.351068269473185257e-01
-6.227102387671654693e-01
1.442186533308942309e-02
-9.775421295698726309e-01
-9.389543360134326999e-01
4.513218778284977528e-02
