-5.213692602712961532e-01
-1.235317424050323520e+00
-1.091372454296317906e+00
-8.449346069580764285e-01
-1.128347142219107813e+00
-6.818789209345146318e-01
-8.826492893000092987e-01
-9.365831642214755837e-01
3.814009684182595450e-01
-1.059278920771998367e+00
-1.009152397586067451e+00
-3.372243813551857317e-01
-1.047233513121782478e+00
-3.439452734245093124e-01
-1.065733123448869835e+00
-2.752398489465570641e-01
-1.204748134513227376e+00
-1.260065424510143695e+00
-1.036460834217415306e+00
-8.785758514493448024e-01
-7.917737651797867038e-01
-1.221041180332330001e+00
-7.782069425276061381e-01
-6.775608559756911564e-01
-8.364152894497695057e-01
-1.138026109767747540e+00
-1.080530187219331584e+00
-1.069779562184499433e+00
4.046717363864140715e-01
-1.315303994230638374e+00
-6.494858589268246440e-01
-7.919563445530246604e-01
-7.697820481993226105e-01
-6.025348709749449583e-01
-1.385547407365149697e+00
-1.061638666237271877e+00
-9.229469552308274816e-01
-1.287745028398569413e+00
-7.084531195801677672e-01
-5.628054051361777166e-01
-9.700983908771680930e-01
-4.407092340473941050e+00
2.262859188624311013e-01
-9.570281725124797356e-01
-9.642976052790002139e-01
4.216183457169100368e-01
-3.182143786846305389e-01
-6.056332730714371060e-01
-6.776074726667435932e-01
1.937491371029720355e-03
