-1.140487321878380644e+00
2.744046173016083667e-01
-1.705687901576535825e-02
-1.285156748175626085e+00
-1.863217223919473309e+00
2.065774698673497056e-01
-1.853741278987879326e+00
3.287088382561252908e-01
-1.156735348010253350e+00
-5.789638723953882682e-02
-2.273581158247135470e-01
-9.837830042220112592e-01
1.425290796573422947e-01
-4.168483861631047671e-01
-4.626421888275766836e-02
-5.709085105641219515e-01
-1.337710425992486130e+00
9.062272970748507239e-01
-2.051214793975375983e+00
-1.390307757598999050e+00
-1.486816281461584843e+00
3.508623706672728826e-01
-5.399604396342556623e-01
-1.157049031483721846e+00
-1.795197262768192914e+00
-1.112772486144504303e+00
-1.286819760762887288e+00
-1.661528209371463949e-01
-7.709977552145006463e-01
-1.273539112727865685e+00
-9.820849600928815981e-01
-1.012093225036995392e+00
-1.587322569555380536e+00
-1.321635661603874468e+00
-1.254025417938045006e-01
-6.437124409047708662e-01
-1.460335613878921412e+00
-1.238850021825807834e+00
-1.185778918081080047e+00
-1.478042213612855482e+00
8.026909646286106703e-02
1.501605354726557984e+00
-1.591604892854275644e+00
-9.866308076247418679e-01
-3.597734825049598850e-01
-1.359002022182258074e+00
3.399435623669794238e-01
4.620742788911310628e-01
-1.237536145330891735e+00
-9.741806635507416212e-01
