-2.434067668140556862e+00
1.020826785136309311e+00
1.104955221027978052e+00
-1.070523893096098433e+01
-4.016644822704082962e+00
2.200386042389970598e+00
-2.224387188878815813e+00
-1.184584119913002942e+00
-5.912514708992508972e-01
2.838279238393858206e-01
-3.666080013924322145e-03
-1.371871601233860538e+00
-5.505518538467050194e-01
-9.445119122409302292e-01
-1.687783009261800249e+00
-7.865129874705083957e+00
-4.310064479856282382e+00
-9.253307573529696572e-01
-3.012217137841263881e+00
-1.511484490828634009e+00
-5.495950613727290879e+00
-4.263047096522751267e-01
-4.050166370157303186e-01
-3.804052408893482173e+00
-6.439976000126826250e+00
-5.459556297266680680e+00
-2.483100392084093055e+00
-9.897610710183205596e-01
-7.006770812702440843e+00
-2.934826249543195376e-01
-8.853211891097756414e-01
-1.045580417867874035e+00
-3.491739573337858005e+00
-1.398833218675786139e+00
-2.488076118687429616e+00
-2.827696553953184644e+00
6.710280676747237827e-02
-3.289196682546740469e+00
-2.724465238103137121e+00
-1.236259464732433422e+00
-1.295285055788746309e-01
-2.456644617878527725e+00
-3.966863684083483665e-01
-1.092684863401950368e+00
-1.449520703553963230e+00
9.506637263696146034e-01
-6.098939911251059165e+00
-1.477367018578055413e+00
-2.731484106533201395e+00
-3.936677817341282637e+00
