-9.085489419721177740e-01
1.003493540684198493e+00
-6.034565341267393856e-01
-9.778112262151776868e-01
-9.076019876817034149e-01
1.426175123942522660e+00
-9.176760295213908236e-01
-7.394374047084905088e-01
-8.737263673022168664e-01
1.219348057491360660e+00
-5.963419960770117711e-01
-8.413941623694078942e-01
-5.739435778021900747e-01
-8.688666069353166987e-01
-1.974052669339680932e-01
-6.037909671869627903e-01
-9.379669029082425835e-01
2.845466381825844104e-01
-8.101668601781319978e-01
-9.073773368836489661e-01
-8.719664787080116941e-01
7.141593034894709868e-01
-9.201479398857128622e-01
-7.663036755925324295e-01
-9.547795702292301012e-01
-8.746938140926541205e-01
-8.967043701136253597e-01
-8.639082328148491863e-01
-1.049912762556264534e+00
-8.794030427313644926e-01
-8.511810301996013406e-01
-9.203120798864616869e-01
-9.020896747886110179e-01
-9.124649621428726487e-01
-8.263992384951160952e-01
-9.205134526387660499e-01
-7.509947252030672038e-01
-9.103919519275407435e-01
-8.946515994780117609e-01
-8.778037952491223317e-01
6.199222909264238135e-01
-8.239543547814589530e-01
-8.538110763505424305e-01
-8.574780503739910520e-01
1.337520324179232833e+00
1.791522813720348717e-01
-9.350263306493240556e-01
1.814567868939033435e+00
-8.820795477730870582e-01
-9.379988115824294814e-01
