-9.245462195509384085e-01
-9.715499503001556736e-02
-3.353593212692167480e-01
-1.657350500542580374e+00
-1.250263054794181983e+00
-2.194174633240971728e-01
-1.311180122640888346e+00
-1.300988608603700136e+00
-9.620788330852615422e-01
-3.072571494067732889e-02
-2.135645722276002800e-02
-1.041997097332336697e+00
-5.151438657450396752e-01
-2.652640455200594438e-01
-6.796248712961970861e-01
-1.080813191948884811e+00
-1.609773766193852484e+00
-2.410647695500711674e-02
-7.476062032576936689e-01
-1.216382204562086455e+00
-9.894582194950773957e-01
1.239611113946573751e-01
-4.511406209988214622e-01
-1.270243532636041284e+00
-1.853664251218003489e+00
-2.002974345129913125e+00
-1.245834493851625036e+00
-7.788251273628199467e-01
-2.173946161715224701e+00
-1.590275110361780264e+00
-1.098651146179007609e+00
-1.609981822013303532e+00
-1.000238625353711663e+00
-6.734717758364580087e-01
-8.836499089242355609e-01
-1.608859115012980290e+00
-9.915946479564933247e-01
-1.473092291813316468e+00
-1.080335145842432620e+00
-8.408218122570302322e-01
-1.631401321452088382e-01
-7.492448556539222926e-01
-6.603255782250871952e-01
-1.070533066757779928e+00
3.158536417590160905e-01
5.283623806655668442e-02
-1.814071818667833291e+00
-5.064240032909606004e-01
-1.246631565795021768e+00
-1.397752600887751218e+00
