-6.514409273185166604e-01
-1.370122124424566490e-02
-8.742704646137183788e-01
5.264058670289745168e-01
-2.860179171788281849e-01
-7.644130709343608387e-01
3.476745958134349612e-01
2.556067650568115690e-01
-1.071713884289483998e+00
-1.252926675520101618e+00
-1.600953668996713208e+00
-1.028490354465231293e-01
-8.364368292361954449e-01
-4.867706438399355129e-01
-1.301290716138254977e+00
-1.144862043662870477e+00
2.479051880734383095e-01
-5.495753455419338795e-02
-1.364309279761558580e+00
-1.514705514502250328e+00
-1.094820288041794321e+00
-1.102826819498794464e-01
-4.166061645278756886e-01
-6.330705136042703574e-01
-2.098379411681733364e-01
-1.356211793117001685e+00
-4.098153037419230982e-01
-7.572325442388895267e-01
-9.998480496272750262e-01
-4.612127970370594743e-01
-6.547024640658721806e-01
-6.081091190491771936e-02
9.984109335404635077e-01
-7.935436590489304276e-01
-1.618724103868921738e+00
-4.483596178893578532e-02
-3.178163014370302131e-01
-2.936583938224673895e-01
-1.039751375840485714e+00
-1.442746239979044720e+00
-6.373607982026441299e-01
-2.253545622838831530e+00
-9.155680239341752458e-01
1.426077104177124966e+00
-6.482739057182685949e-01
-1.036671240675202332e+00
5.849247616020406548e-01
-5.653598475777332766e-01
-7.473350337585287217e-01
-1.479562219572953197e+00
