-9.003395227334214379e-01
-1.392501818626521448e+00
-3.743272922170548966e+00
1.300736621713378005e+00
-1.327564352317120999e-01
-9.330414219034935286e+00
-4.255202679402617649e-01
-2.254559644008644170e+00
-3.266982995735188133e+00
-4.191560272475426174e+00
-3.096069333848666005e+00
-2.842976950050349894e-01
-7.893117896406935952e-01
-3.165854365454049635e+00
-3.427435618627194813e+00
2.349731149415354992e+00
9.960808239370122497e-02
2.418084100761525690e+00
-7.266202726042068072e+00
-2.216046225971106232e+00
-1.780904751440101963e+00
5.632193615784153451e-02
-1.642705430343090134e+00
5.559438220595103175e-01
1.554938851709599890e+00
-2.084033299903095049e+00
-7.860713822947706930e-02
2.071293321172194002e-01
-9.984731433038707138e-01
-5.786919802938739199e-02
-3.327574549144032279e-01
-2.991098049203413378e-01
9.594911430379842177e-01
1.498879471200248004e+00
-7.301508813762007222e+00
-3.578451872197923045e-01
-1.287168253851558308e+00
-1.190807573043220380e+00
-5.893847844538504965e+00
-1.976098286881892818e+00
-5.194931392225068389e-01
-2.073906145888514274e+01
-3.263111639230003469e+00
6.412268556743596637e-01
-7.738760125309870119e+00
-7.084003633155807833e+00
-1.915112357575132052e+01
-2.098664504678879439e+00
-6.405499788236275194e-01
-6.726930792696973249e+00
