-9.682113817910525944e-01
-1.524052560359650865e+00
-1.362212859788086039e+00
-1.261452985392776949e+00
3.289478925339445192e-01
-1.604356335953483370e+00
-7.965145192084525094e-01
-1.337521661447111043e+00
-1.240733010619156751e+00
-1.867849785745961277e+00
-1.257422098300986280e+00
-9.294955124224744125e-01
-1.365119677512896423e+00
-1.227158456553959276e+00
-1.279742167668809438e+00
-1.142791732869175014e+00
1.838009359034398660e+00
-1.197016121843456071e+00
-1.255024286155900448e+00
-1.624871889126468183e+00
-1.481372226207374521e+00
-1.606074373740628669e+00
-6.449309432282832599e-01
-1.213654233653299386e+00
-2.883323127013498688e+00
-2.824820700171486454e-01
-3.379489720556288490e-01
-7.234141317615432332e-01
-1.287909242637375495e+00
-3.509555008853156299e-01
-1.168643150840900757e+00
-1.101278169416349817e-01
8.868413639920834646e-01
-3.777748953088708728e-01
-1.369585044413355046e+00
1.415361663759844735e+00
3.825454545516052685e-01
1.102473936823733958e+00
-4.937349006305016830e-01
-1.522812877888682692e+00
-1.582372518853519816e+00
-1.370807791743750448e+00
-1.045821457020954526e+00
-4.890562240378178993e-01
-1.846756042881518400e+00
-1.432712336844529366e+00
-1.141024559750900114e+00
-1.942824295084953246e+00
-1.040154356056857576e+00
-1.189259478013878102e+00
