1.920326632090018082e-01
-1.504684730013109650e+00
-2.878001165642746773e-01
5.088886464815149946e-01
7.393428972551880918e-01
-6.769107009814108178e-01
1.150704157311880138e+00
-1.176968915618376466e+00
3.801593447897406719e-01
8.603324435150461191e-02
-7.969046981840666177e-01
-4.055436187786836677e-01
-8.731953447162257298e-01
-3.005934508711488040e-01
1.444849651554575010e-01
-1.097589630499597568e+00
8.478498526451081485e-01
-9.303744129136717333e-01
-6.983230265742124132e-02
6.790598442280970648e-02
9.629185345164823495e-01
1.942929932569167351e-01
-7.441423814474434906e-03
4.097613740021457396e-01
1.827832738434605586e+00
4.624018053772724901e-01
8.775163313932921039e-02
3.289254519076310057e-01
-1.300682494394918454e+00
-7.447278889528210488e-01
5.533369735014759261e-01
2.111654932573181043e+00
7.733412229744780486e-01
2.681248440874643979e-01
-1.912185879259730825e+00
-6.217267326690931739e-01
-3.308408262425925894e-01
1.354756373354226939e+00
4.855797124462457592e-01
9.666265582804811629e-02
7.429351041455716231e-01
-6.588799809978670652e+00
-3.651672523009057869e+00
6.234484389937520188e-01
8.990802842480094537e-02
-8.674501346043572703e-02
-2.321846944201710450e+00
-1.174089991071364247e-01
3.511531736747310894e-01
2.129269757435181543e-01
